<?xml version="1.0" encoding="UTF-8" ?>
<testsuite name="SliceViewerTest"  tests="3" errors="0" failures="0" package="SliceViewerTest" time="15.578" >
    <testcase classname="SliceViewerTest.PhysicalCrossPeakTestPerformance" name="test_setSlicePoint_performance" line="120" time="7.355" totalTime="7.356" CPUFraction="1"> <measurement><name>CPUFraction</name><value>1</value></measurement>    </testcase>
    <testcase classname="SliceViewerTest.PhysicalCrossPeakTestPerformance" name="test_draw_performance" line="134" time="7.696" totalTime="7.696" CPUFraction="1"> <measurement><name>CPUFraction</name><value>1</value></measurement>    </testcase>
    <testcase classname="SliceViewerTest.PhysicalCrossPeakTestPerformance" name="test_whole_performance" line="151" time="0.525" totalTime="0.526" CPUFraction="1"> <measurement><name>CPUFraction</name><value>1</value></measurement>    </testcase>
</testsuite>
