<?xml version="1.0" encoding="UTF-8" ?>
<testsuite name="SliceViewerTest"  tests="3" errors="0" failures="0" package="SliceViewerTest" time="1.084" >
    <testcase classname="SliceViewerTest.PhysicalSphericalPeakTestPerformance" name="test_setSlicePoint_performance" line="123" time="0.508" totalTime="0.508" CPUFraction="1"> <measurement><name>CPUFraction</name><value>1</value></measurement>    </testcase>
    <testcase classname="SliceViewerTest.PhysicalSphericalPeakTestPerformance" name="test_draw_performance" line="138" time="0.512" totalTime="0.512" CPUFraction="1"> <measurement><name>CPUFraction</name><value>1</value></measurement>    </testcase>
    <testcase classname="SliceViewerTest.PhysicalSphericalPeakTestPerformance" name="test_whole_performance" line="156" time="0.064" totalTime="0.064" CPUFraction="1"> <measurement><name>CPUFraction</name><value>1</value></measurement>    </testcase>
</testsuite>
